Release 14.6 - xst P.68d (nt64)
Copyright (c) 1995-2013 Xilinx, Inc.  All rights reserved.
--> Parameter TMPDIR set to xst/projnav.tmp


Total REAL time to Xst completion: 0.00 secs
Total CPU time to Xst completion: 0.17 secs
 
--> Parameter xsthdpdir set to xst


Total REAL time to Xst completion: 0.00 secs
Total CPU time to Xst completion: 0.17 secs
 
--> Reading design: multiplicador.prj

TABLE OF CONTENTS
  1) Synthesis Options Summary
  2) HDL Compilation
  3) Design Hierarchy Analysis
  4) HDL Analysis
  5) HDL Synthesis
     5.1) HDL Synthesis Report
  6) Advanced HDL Synthesis
     6.1) Advanced HDL Synthesis Report
  7) Low Level Synthesis
  8) Partition Report
  9) Final Report
	9.1) Device utilization summary
	9.2) Partition Resource Summary
	9.3) TIMING REPORT


=========================================================================
*                      Synthesis Options Summary                        *
=========================================================================
---- Source Parameters
Input File Name                    : "multiplicador.prj"
Input Format                       : mixed
Ignore Synthesis Constraint File   : NO

---- Target Parameters
Output File Name                   : "multiplicador"
Output Format                      : NGC
Target Device                      : xc3s1000-5-ft256

---- Source Options
Top Module Name                    : multiplicador
Automatic FSM Extraction           : YES
FSM Encoding Algorithm             : Auto
Safe Implementation                : No
FSM Style                          : LUT
RAM Extraction                     : Yes
RAM Style                          : Auto
ROM Extraction                     : Yes
Mux Style                          : Auto
Decoder Extraction                 : YES
Priority Encoder Extraction        : Yes
Shift Register Extraction          : YES
Logical Shifter Extraction         : YES
XOR Collapsing                     : YES
ROM Style                          : Auto
Mux Extraction                     : Yes
Resource Sharing                   : YES
Asynchronous To Synchronous        : NO
Multiplier Style                   : Auto
Automatic Register Balancing       : No

---- Target Options
Add IO Buffers                     : YES
Global Maximum Fanout              : 100000
Add Generic Clock Buffer(BUFG)     : 8
Register Duplication               : YES
Slice Packing                      : YES
Optimize Instantiated Primitives   : NO
Use Clock Enable                   : Yes
Use Synchronous Set                : Yes
Use Synchronous Reset              : Yes
Pack IO Registers into IOBs        : Auto
Equivalent register Removal        : YES

---- General Options
Optimization Goal                  : Speed
Optimization Effort                : 1
Keep Hierarchy                     : No
Netlist Hierarchy                  : As_Optimized
RTL Output                         : Yes
Global Optimization                : AllClockNets
Read Cores                         : YES
Write Timing Constraints           : NO
Cross Clock Analysis               : NO
Hierarchy Separator                : /
Bus Delimiter                      : <>
Case Specifier                     : Maintain
Slice Utilization Ratio            : 100
BRAM Utilization Ratio             : 100
Verilog 2001                       : YES
Auto BRAM Packing                  : NO
Slice Utilization Ratio Delta      : 5

=========================================================================


=========================================================================
*                          HDL Compilation                              *
=========================================================================
Compiling vhdl file "F:/p3_lab10_pst22_gii2b/celda.vhd" in Library work.
Entity <celda> compiled.
Entity <celda> (Architecture <comportamiento>) compiled.
Compiling vhdl file "F:/p3_lab10_pst22_gii2b/mult.vhd" in Library work.
Architecture behavioral of Entity multiplicador is up to date.

=========================================================================
*                     Design Hierarchy Analysis                         *
=========================================================================
Analyzing hierarchy for entity <multiplicador> in library <work> (architecture <behavioral>) with generics.
	n = 5

Analyzing hierarchy for entity <celda> in library <work> (architecture <comportamiento>).


=========================================================================
*                            HDL Analysis                               *
=========================================================================
Analyzing generic Entity <multiplicador> in library <work> (Architecture <behavioral>).
	n = 5
Entity <multiplicador> analyzed. Unit <multiplicador> generated.

Analyzing Entity <celda> in library <work> (Architecture <comportamiento>).
Entity <celda> analyzed. Unit <celda> generated.


=========================================================================
*                           HDL Synthesis                               *
=========================================================================

Performing bidirectional port resolution...

Synthesizing Unit <celda>.
    Related source file is "F:/p3_lab10_pst22_gii2b/celda.vhd".
    Found 1-bit register for signal <COUT>.
    Found 1-bit register for signal <PPOUT>.
    Found 1-bit xor3 for signal <PPOUT$xor0000> created at line 48.
    Summary:
	inferred   2 D-type flip-flop(s).
	inferred   1 Xor(s).
Unit <celda> synthesized.


Synthesizing Unit <multiplicador>.
    Related source file is "F:/p3_lab10_pst22_gii2b/mult.vhd".
WARNING:Xst:646 - Signal <pp<0><0>> is assigned but never used. This unconnected signal will be trimmed during the optimization process.
Unit <multiplicador> synthesized.


=========================================================================
HDL Synthesis Report

Macro Statistics
# Registers                                            : 50
 1-bit register                                        : 50
# Xors                                                 : 25
 1-bit xor3                                            : 25

=========================================================================

=========================================================================
*                       Advanced HDL Synthesis                          *
=========================================================================

WARNING:Xst:1710 - FF/Latch <COUT> (without init value) has a constant value of 0 in block <fila[0].columna[4].i_celda>. This FF/Latch will be trimmed during the optimization process.
WARNING:Xst:1710 - FF/Latch <COUT> (without init value) has a constant value of 0 in block <fila[0].columna[3].i_celda>. This FF/Latch will be trimmed during the optimization process.
WARNING:Xst:1710 - FF/Latch <COUT> (without init value) has a constant value of 0 in block <fila[0].columna[2].i_celda>. This FF/Latch will be trimmed during the optimization process.
WARNING:Xst:1710 - FF/Latch <COUT> (without init value) has a constant value of 0 in block <fila[0].columna[1].i_celda>. This FF/Latch will be trimmed during the optimization process.
WARNING:Xst:1710 - FF/Latch <COUT> (without init value) has a constant value of 0 in block <fila[0].columna[0].i_celda>. This FF/Latch will be trimmed during the optimization process.

=========================================================================
Advanced HDL Synthesis Report

Macro Statistics
# Registers                                            : 50
 Flip-Flops                                            : 50
# Xors                                                 : 25
 1-bit xor3                                            : 25

=========================================================================

=========================================================================
*                         Low Level Synthesis                           *
=========================================================================
WARNING:Xst:1710 - FF/Latch <fila[0].columna[0].i_celda/COUT> (without init value) has a constant value of 0 in block <multiplicador>. This FF/Latch will be trimmed during the optimization process.
WARNING:Xst:1895 - Due to other FF/Latch trimming, FF/Latch <fila[0].columna[1].i_celda/COUT> (without init value) has a constant value of 0 in block <multiplicador>. This FF/Latch will be trimmed during the optimization process.
WARNING:Xst:1895 - Due to other FF/Latch trimming, FF/Latch <fila[0].columna[2].i_celda/COUT> (without init value) has a constant value of 0 in block <multiplicador>. This FF/Latch will be trimmed during the optimization process.
WARNING:Xst:1895 - Due to other FF/Latch trimming, FF/Latch <fila[0].columna[3].i_celda/COUT> (without init value) has a constant value of 0 in block <multiplicador>. This FF/Latch will be trimmed during the optimization process.
WARNING:Xst:1895 - Due to other FF/Latch trimming, FF/Latch <fila[0].columna[4].i_celda/COUT> (without init value) has a constant value of 0 in block <multiplicador>. This FF/Latch will be trimmed during the optimization process.

Optimizing unit <multiplicador> ...

Mapping all equations...
Building and optimizing final netlist ...
Found area constraint ratio of 100 (+ 5) on block multiplicador, actual ratio is 0.

Final Macro Processing ...

=========================================================================
Final Register Report

Macro Statistics
# Registers                                            : 45
 Flip-Flops                                            : 45

=========================================================================

=========================================================================
*                           Partition Report                            *
=========================================================================

Partition Implementation Status
-------------------------------

  No Partitions were found in this design.

-------------------------------

=========================================================================
*                            Final Report                               *
=========================================================================
Final Results
RTL Top Level Output File Name     : multiplicador.ngr
Top Level Output File Name         : multiplicador
Output Format                      : NGC
Optimization Goal                  : Speed
Keep Hierarchy                     : No

Design Statistics
# IOs                              : 22

Cell Usage :
# BELS                             : 45
#      LUT2                        : 5
#      LUT3                        : 10
#      LUT4                        : 30
# FlipFlops/Latches                : 45
#      FDR                         : 45
# Clock Buffers                    : 1
#      BUFGP                       : 1
# IO Buffers                       : 21
#      IBUF                        : 11
#      OBUF                        : 10
=========================================================================

Device utilization summary:
---------------------------

Selected Device : 3s1000ft256-5 

 Number of Slices:                       26  out of   7680     0%  
 Number of Slice Flip Flops:             44  out of  15360     0%  
 Number of 4 input LUTs:                 45  out of  15360     0%  
 Number of IOs:                          22
 Number of bonded IOBs:                  22  out of    173    12%  
    IOB Flip Flops:                       1
 Number of GCLKs:                         1  out of      8    12%  

---------------------------
Partition Resource Summary:
---------------------------

  No Partitions were found in this design.

---------------------------


=========================================================================
TIMING REPORT

NOTE: THESE TIMING NUMBERS ARE ONLY A SYNTHESIS ESTIMATE.
      FOR ACCURATE TIMING INFORMATION PLEASE REFER TO THE TRACE REPORT
      GENERATED AFTER PLACE-and-ROUTE.

Clock Information:
------------------
-----------------------------------+------------------------+-------+
Clock Signal                       | Clock buffer(FF name)  | Load  |
-----------------------------------+------------------------+-------+
clk                                | BUFGP                  | 45    |
-----------------------------------+------------------------+-------+

Asynchronous Control Signals Information:
----------------------------------------
No asynchronous control signals found in this design

Timing Summary:
---------------
Speed Grade: -5

   Minimum period: 2.085ns (Maximum Frequency: 479.513MHz)
   Minimum input arrival time before clock: 3.245ns
   Maximum output required time after clock: 6.216ns
   Maximum combinational path delay: No path found

Timing Detail:
--------------
All values displayed in nanoseconds (ns)

=========================================================================
Timing constraint: Default period analysis for Clock 'clk'
  Clock period: 2.085ns (frequency: 479.513MHz)
  Total number of paths / destination ports: 70 / 40
-------------------------------------------------------------------------
Delay:               2.085ns (Levels of Logic = 1)
  Source:            fila[0].columna[1].i_celda/PPOUT (FF)
  Destination:       fila[1].columna[0].i_celda/PPOUT (FF)
  Source Clock:      clk rising
  Destination Clock: clk rising

  Data Path: fila[0].columna[1].i_celda/PPOUT to fila[1].columna[0].i_celda/PPOUT
                                Gate     Net
    Cell:in->out      fanout   Delay   Delay  Logical Name (Net Name)
    ----------------------------------------  ------------
     FDR:C->Q              2   0.626   0.804  fila[0].columna[1].i_celda/PPOUT (fila[0].columna[1].i_celda/PPOUT)
     LUT3:I2->O            1   0.479   0.000  fila[1].columna[0].i_celda/COUT_or00001 (fila[1].columna[0].i_celda/COUT_or0000)
     FDR:D                     0.176          fila[1].columna[0].i_celda/COUT
    ----------------------------------------
    Total                      2.085ns (1.281ns logic, 0.804ns route)
                                       (61.4% logic, 38.6% route)

=========================================================================
Timing constraint: Default OFFSET IN BEFORE for Clock 'clk'
  Total number of paths / destination ports: 135 / 90
-------------------------------------------------------------------------
Offset:              3.245ns (Levels of Logic = 1)
  Source:            rst (PAD)
  Destination:       fila[0].columna[0].i_celda/PPOUT (FF)
  Destination Clock: clk rising

  Data Path: rst to fila[0].columna[0].i_celda/PPOUT
                                Gate     Net
    Cell:in->out      fanout   Delay   Delay  Logical Name (Net Name)
    ----------------------------------------  ------------
     IBUF:I->O            45   0.715   1.638  rst_IBUF (rst_IBUF)
     FDR:R                     0.892          fila[0].columna[0].i_celda/PPOUT
    ----------------------------------------
    Total                      3.245ns (1.607ns logic, 1.638ns route)
                                       (49.5% logic, 50.5% route)

=========================================================================
Timing constraint: Default OFFSET OUT AFTER for Clock 'clk'
  Total number of paths / destination ports: 10 / 10
-------------------------------------------------------------------------
Offset:              6.216ns (Levels of Logic = 1)
  Source:            fila[4].columna[4].i_celda/COUT (FF)
  Destination:       result<9> (PAD)
  Source Clock:      clk rising

  Data Path: fila[4].columna[4].i_celda/COUT to result<9>
                                Gate     Net
    Cell:in->out      fanout   Delay   Delay  Logical Name (Net Name)
    ----------------------------------------  ------------
     FDR:C->Q              1   0.626   0.681  fila[4].columna[4].i_celda/COUT (fila[4].columna[4].i_celda/COUT)
     OBUF:I->O                 4.909          result_9_OBUF (result<9>)
    ----------------------------------------
    Total                      6.216ns (5.535ns logic, 0.681ns route)
                                       (89.0% logic, 11.0% route)

=========================================================================


Total REAL time to Xst completion: 8.00 secs
Total CPU time to Xst completion: 7.79 secs
 
--> 

Total memory usage is 262340 kilobytes

Number of errors   :    0 (   0 filtered)
Number of warnings :   11 (   0 filtered)
Number of infos    :    0 (   0 filtered)

