Release 14.6 Map P.68d (nt64)
Xilinx Mapping Report File for Design 'sort'

Design Information
------------------
Command Line   : map -intstyle ise -p xc3s1000-ft256-5 -cm area -ir off -pr off
-c 100 -o sort_map.ncd sort.ngd sort.pcf 
Target Device  : xc3s1000
Target Package : ft256
Target Speed   : -5
Mapper Version : spartan3 -- $Revision: 1.55 $
Mapped Date    : Mon Jan 06 00:44:36 2014

Design Summary
--------------
Number of errors:      0
Number of warnings:    1
Logic Utilization:
  Total Number Slice Registers:         151 out of  15,360    1%
    Number used as Flip Flops:          142
    Number used as Latches:               9
  Number of 4 input LUTs:               205 out of  15,360    1%
Logic Distribution:
  Number of occupied Slices:            170 out of   7,680    2%
    Number of Slices containing only related logic:     170 out of     170 100%
    Number of Slices containing unrelated logic:          0 out of     170   0%
      *See NOTES below for an explanation of the effects of unrelated logic.
  Total Number of 4 input LUTs:         205 out of  15,360    1%
  Number of bonded IOBs:                 18 out of     173   10%
    IOB Flip Flops:                       1
  Number of BUFGMUXs:                     1 out of       8   12%

Average Fanout of Non-Clock Nets:                3.32

Peak Memory Usage:  312 MB
Total REAL time to MAP completion:  2 secs 
Total CPU time to MAP completion:   1 secs 

NOTES:

   Related logic is defined as being logic that shares connectivity - e.g. two
   LUTs are "related" if they share common inputs.  When assembling slices,
   Map gives priority to combine logic that is related.  Doing so results in
   the best timing performance.

   Unrelated logic shares no connectivity.  Map will only begin packing
   unrelated logic into a slice once 99% of the slices are occupied through
   related logic packing.

   Note that once logic distribution reaches the 99% level through related
   logic packing, this does not mean the device is completely utilized.
   Unrelated logic packing will then begin, continuing until all usable LUTs
   and FFs are occupied.  Depending on your timing budget, increased levels of
   unrelated logic packing may adversely affect the overall timing performance
   of your design.

Table of Contents
-----------------
Section 1 - Errors
Section 2 - Warnings
Section 3 - Informational
Section 4 - Removed Logic Summary
Section 5 - Removed Logic
Section 6 - IOB Properties
Section 7 - RPMs
Section 8 - Guide Report
Section 9 - Area Group and Partition Summary
Section 10 - Timing Report
Section 11 - Configuration String Information
Section 12 - Control Set Information
Section 13 - Utilization by Hierarchy

Section 1 - Errors
------------------

Section 2 - Warnings
--------------------
WARNING:PhysDesignRules:372 - Gated clock. Clock net i_uc/next_state_not0001 is
   sourced by a combinatorial pin. This is not good design practice. Use the CE
   pin to control the loading of data into the flip-flop.

Section 3 - Informational
-------------------------
INFO:MapLib:562 - No environment variables are currently set.
INFO:LIT:244 - All of the single ended outputs in this design are using slew
   rate limited output drivers. The delay on speed critical single ended outputs
   can be dramatically reduced by designating them as fast outputs.

Section 4 - Removed Logic Summary
---------------------------------
   2 block(s) optimized away

Section 5 - Removed Logic
-------------------------

Optimized Block(s):
TYPE 		BLOCK
GND 		XST_GND
VCC 		XST_VCC

To enable printing of redundant blocks removed and signals merged, set the
detailed map report option and rerun map.

Section 6 - IOB Properties
--------------------------

+---------------------------------------------------------------------------------------------------------------------------------------------------------+
| IOB Name                           | Type             | Direction | IO Standard          | Diff  | Drive    | Slew | Reg (s)      | Resistor | IOB      |
|                                    |                  |           |                      | Term  | Strength | Rate |              |          | Delay    |
+---------------------------------------------------------------------------------------------------------------------------------------------------------+
| clk                                | IOB              | INPUT     | LVCMOS25             |       |          |      |              |          |          |
| debug_addr<0>                      | IOB              | INPUT     | LVCMOS25             |       |          |      |              |          |          |
| debug_addr<1>                      | IOB              | INPUT     | LVCMOS25             |       |          |      |              |          |          |
| debug_addr<2>                      | IOB              | INPUT     | LVCMOS25             |       |          |      |              |          |          |
| debug_addr<3>                      | IOB              | INPUT     | LVCMOS25             |       |          |      |              |          |          |
| debug_addr<4>                      | IOB              | INPUT     | LVCMOS25             |       |          |      |              |          |          |
| debug_din<0>                       | IOB              | INPUT     | LVCMOS25             |       |          |      |              |          |          |
| debug_din<1>                       | IOB              | INPUT     | LVCMOS25             |       |          |      |              |          |          |
| debug_din<2>                       | IOB              | INPUT     | LVCMOS25             |       |          |      |              |          |          |
| debug_din<3>                       | IOB              | INPUT     | LVCMOS25             |       |          |      |              |          |          |
| debug_dout<0>                      | IOB              | OUTPUT    | LVCMOS25             |       | 12       | SLOW |              |          |          |
| debug_dout<1>                      | IOB              | OUTPUT    | LVCMOS25             |       | 12       | SLOW |              |          |          |
| debug_dout<2>                      | IOB              | OUTPUT    | LVCMOS25             |       | 12       | SLOW |              |          |          |
| debug_dout<3>                      | IOB              | OUTPUT    | LVCMOS25             |       | 12       | SLOW |              |          |          |
| debug_we                           | IOB              | INPUT     | LVCMOS25             |       |          |      |              |          |          |
| fin                                | IOB              | OUTPUT    | LVCMOS25             |       | 12       | SLOW | OFF1         |          |          |
| ini                                | IOB              | INPUT     | LVCMOS25             |       |          |      |              |          |          |
| rst_n                              | IOB              | INPUT     | LVCMOS25             |       |          |      |              |          |          |
+---------------------------------------------------------------------------------------------------------------------------------------------------------+

Section 7 - RPMs
----------------

Section 8 - Guide Report
------------------------
Guide not run on this design.

Section 9 - Area Group and Partition Summary
--------------------------------------------

Partition Implementation Status
-------------------------------

  No Partitions were found in this design.

-------------------------------

Area Group Information
----------------------

  No area groups were found in this design.

----------------------

Section 10 - Timing Report
--------------------------
This design was not run using timing mode.

Section 11 - Configuration String Details
-----------------------------------------
Use the "-detail" map option to print out Configuration Strings

Section 12 - Control Set Information
------------------------------------
No control set information for this architecture.

Section 13 - Utilization by Hierarchy
-------------------------------------
Use the "-detail" map option to print out the Utilization by Hierarchy section.
